{
  "RSpec": {
    "coverage": {
      "/Volumes/loaded/sources/coderschool/allbymyself/spec/controllers/events_controller_spec.rb": [
        1,
        null,
        1,
        1,
        1,
        1,
        1,
        null,
        null,
        1,
        1,
        null,
        1,
        1,
        null,
        null,
        1,
        1,
        1,
        1,
        1,
        1,
        1,
        1,
        1,
        null,
        1,
        null,
        1,
        null,
        null,
        1,
        1,
        null,
        null,
        null,
        1,
        1,
        1,
        1,
        1,
        1,
        1,
        1,
        null,
        1,
        null,
        1,
        null,
        null,
        1,
        1,
        1,
        1,
        1,
        1,
        1,
        null,
        1,
        null,
        1,
        null,
        null,
        null
      ],
      "/Volumes/loaded/sources/coderschool/allbymyself/spec/rails_helper.rb": [
        null,
        1,
        1,
        null,
        1,
        1,
        1,
        null,
        null,
        null,
        null,
        null,
        null,
        null,
        null,
        null,
        null,
        null,
        null,
        null,
        null,
        null,
        null,
        null,
        null,
        null,
        1,
        null,
        1,
        null,
        1,
        null,
        null,
        null,
        null,
        1,
        null,
        null,
        null,
        null,
        null,
        null,
        null,
        null,
        null,
        null,
        null,
        null,
        null,
        null,
        1,
        null,
        null,
        1,
        null,
        null,
        null
      ],
      "/Volumes/loaded/sources/coderschool/allbymyself/config/environment.rb": [
        null,
        1,
        null,
        null,
        1
      ],
      "/Volumes/loaded/sources/coderschool/allbymyself/config/application.rb": [
        1,
        null,
        1,
        null,
        null,
        null,
        1,
        null,
        1,
        1,
        null,
        null,
        null,
        null,
        null,
        null,
        null,
        null,
        null,
        null,
        null,
        null,
        null,
        1,
        null,
        null
      ],
      "/Volumes/loaded/sources/coderschool/allbymyself/config/boot.rb": [
        1,
        null,
        1
      ],
      "/Volumes/loaded/sources/coderschool/allbymyself/config/environments/test.rb": [
        1,
        null,
        null,
        null,
        null,
        null,
        null,
        1,
        null,
        null,
        null,
        null,
        1,
        null,
        null,
        1,
        1,
        null,
        null,
        1,
        1,
        null,
        null,
        1,
        null,
        null,
        1,
        null,
        null,
        null,
        null,
        1,
        null,
        null,
        1,
        null,
        null,
        1,
        null,
        null,
        null,
        null
      ],
      "/Volumes/loaded/sources/coderschool/allbymyself/config/initializers/assets.rb": [
        null,
        null,
        null,
        1,
        null,
        null,
        null,
        null,
        null,
        null,
        null
      ],
      "/Volumes/loaded/sources/coderschool/allbymyself/config/initializers/backtrace_silencers.rb": [
        null,
        null,
        null,
        null,
        null,
        null,
        null
      ],
      "/Volumes/loaded/sources/coderschool/allbymyself/config/initializers/cookies_serializer.rb": [
        null,
        null,
        1
      ],
      "/Volumes/loaded/sources/coderschool/allbymyself/config/initializers/filter_parameter_logging.rb": [
        null,
        null,
        null,
        1
      ],
      "/Volumes/loaded/sources/coderschool/allbymyself/config/initializers/inflections.rb": [
        null,
        null,
        null,
        null,
        null,
        null,
        null,
        null,
        null,
        null,
        null,
        null,
        null,
        null,
        null,
        null
      ],
      "/Volumes/loaded/sources/coderschool/allbymyself/config/initializers/mime_types.rb": [
        null,
        null,
        null,
        null
      ],
      "/Volumes/loaded/sources/coderschool/allbymyself/config/initializers/session_store.rb": [
        null,
        null,
        1
      ],
      "/Volumes/loaded/sources/coderschool/allbymyself/config/initializers/simple_form.rb": [
        null,
        1,
        null,
        null,
        null,
        null,
        null,
        1,
        null,
        null,
        null,
        null,
        null,
        null,
        null,
        null,
        null,
        1,
        null,
        null,
        null,
        1,
        null,
        null,
        null,
        null,
        null,
        null,
        null,
        null,
        1,
        null,
        null,
        1,
        null,
        null,
        1,
        null,
        null,
        1,
        null,
        null,
        1,
        1,
        1,
        null,
        null,
        null,
        null,
        null,
        null,
        null,
        null,
        null,
        1,
        null,
        null,
        null,
        null,
        null,
        1,
        null,
        null,
        1,
        null,
        null,
        null,
        null,
        null,
        null,
        null,
        1,
        null,
        null,
        1,
        null,
        null,
        null,
        null,
        null,
        null,
        null,
        null,
        null,
        null,
        null,
        null,
        null,
        null,
        null,
        null,
        null,
        null,
        null,
        null,
        null,
        null,
        null,
        null,
        null,
        null,
        null,
        null,
        null,
        null,
        null,
        null,
        null,
        null,
        null,
        null,
        null,
        null,
        null,
        null,
        null,
        null,
        null,
        null,
        1,
        null,
        null,
        null,
        null,
        null,
        null,
        null,
        null,
        null,
        null,
        null,
        null,
        null,
        null,
        null,
        null,
        null,
        null,
        null,
        null,
        null,
        null,
        null,
        null,
        null,
        null,
        null,
        null,
        null,
        null,
        null,
        null,
        null,
        null,
        null,
        null,
        1,
        null,
        null,
        null,
        null,
        null,
        null,
        null,
        null
      ],
      "/Volumes/loaded/sources/coderschool/allbymyself/config/initializers/simple_form_bootstrap.rb": [
        null,
        1,
        1,
        1,
        1,
        null,
        1,
        1,
        1,
        1,
        1,
        1,
        1,
        1,
        null,
        1,
        1,
        1,
        null,
        null,
        1,
        1,
        1,
        1,
        1,
        1,
        null,
        1,
        1,
        1,
        null,
        null,
        1,
        1,
        1,
        null,
        1,
        1,
        null,
        null,
        1,
        1,
        null,
        null,
        1,
        1,
        1,
        1,
        1,
        1,
        1,
        null,
        null,
        1,
        1,
        1,
        1,
        1,
        1,
        1,
        1,
        null,
        1,
        1,
        1,
        1,
        null,
        null,
        null,
        1,
        1,
        1,
        1,
        1,
        1,
        null,
        1,
        1,
        1,
        1,
        null,
        null,
        null,
        1,
        1,
        1,
        null,
        1,
        1,
        1,
        null,
        null,
        1,
        1,
        null,
        null,
        null,
        1,
        1,
        1,
        null,
        1,
        null,
        1,
        1,
        1,
        1,
        null,
        null,
        null,
        1,
        1,
        1,
        1,
        1,
        1,
        1,
        1,
        null,
        1,
        1,
        1,
        null,
        null,
        1,
        1,
        1,
        1,
        1,
        1,
        1,
        1,
        null,
        null,
        null,
        null,
        null,
        null,
        1,
        1,
        null,
        null,
        null,
        null,
        null,
        null,
        null,
        null,
        null
      ],
      "/Volumes/loaded/sources/coderschool/allbymyself/config/initializers/wrap_parameters.rb": [
        null,
        null,
        null,
        null,
        null,
        null,
        1,
        1,
        null,
        null,
        null,
        null,
        null,
        null
      ],
      "/Volumes/loaded/sources/coderschool/allbymyself/config/routes.rb": [
        1,
        1,
        null,
        1,
        1,
        null,
        1,
        1,
        1,
        1,
        null,
        1,
        null,
        1,
        null,
        1,
        null,
        1,
        1,
        1,
        null,
        1,
        null,
        null,
        null,
        null,
        null,
        null,
        null,
        null,
        null,
        null,
        null,
        null,
        null,
        null,
        null,
        null,
        null,
        null,
        null,
        null,
        null,
        null,
        null,
        null,
        null,
        null,
        null,
        null,
        null,
        null,
        null,
        null,
        null,
        null,
        null,
        null,
        null,
        null,
        null,
        null,
        null,
        null,
        null,
        null,
        null,
        null,
        null,
        null,
        null,
        null,
        null,
        null,
        null,
        null,
        null,
        null
      ],
      "/Volumes/loaded/sources/coderschool/allbymyself/app/helpers/application_helper.rb": [
        1,
        null
      ],
      "/Volumes/loaded/sources/coderschool/allbymyself/app/helpers/events_helper.rb": [
        1,
        1,
        0,
        null,
        null
      ],
      "/Volumes/loaded/sources/coderschool/allbymyself/app/helpers/sessions_helper.rb": [
        1,
        null
      ],
      "/Volumes/loaded/sources/coderschool/allbymyself/app/helpers/tickets_helper.rb": [
        1,
        null
      ],
      "/Volumes/loaded/sources/coderschool/allbymyself/app/helpers/tickettypes_helper.rb": [
        1,
        null
      ],
      "/Volumes/loaded/sources/coderschool/allbymyself/app/helpers/users_helper.rb": [
        1,
        null
      ],
      "/Volumes/loaded/sources/coderschool/allbymyself/app/helpers/venues_helper.rb": [
        1,
        null
      ],
      "/Volumes/loaded/sources/coderschool/allbymyself/app/helpers/welcome_helper.rb": [
        1,
        null
      ],
      "/Volumes/loaded/sources/coderschool/allbymyself/app/controllers/events_controller.rb": [
        1,
        1,
        null,
        1,
        2,
        null,
        null,
        1,
        0,
        null,
        null,
        1,
        0,
        0,
        null,
        null,
        1,
        0,
        0,
        0,
        0,
        0,
        null,
        null,
        0,
        0,
        null,
        0,
        0,
        0,
        null,
        null,
        null,
        1,
        2,
        2,
        1,
        1,
        1,
        null,
        1,
        1,
        null,
        null,
        null,
        1,
        0,
        0,
        null,
        0,
        0,
        0,
        null,
        null,
        null,
        1,
        0,
        0,
        0,
        0,
        0,
        null,
        0,
        0,
        0,
        null,
        0,
        0,
        0,
        null,
        null,
        null,
        null,
        1,
        1,
        0,
        null,
        null
      ],
      "/Volumes/loaded/sources/coderschool/allbymyself/app/controllers/application_controller.rb": [
        1,
        null,
        null,
        1,
        null,
        1,
        null,
        1,
        11,
        9,
        null,
        null,
        1,
        6,
        null,
        null,
        1,
        1,
        6,
        2,
        null,
        null,
        null
      ],
      "/Volumes/loaded/sources/coderschool/allbymyself/spec/controllers/welcome_controller_spec.rb": [
        1,
        null,
        1,
        1,
        1,
        1,
        1,
        1,
        null,
        1,
        1,
        1,
        null,
        1,
        null,
        1,
        null,
        null,
        null
      ],
      "/Volumes/loaded/sources/coderschool/allbymyself/app/controllers/welcome_controller.rb": [
        1,
        1,
        1,
        null,
        null
      ],
      "/Volumes/loaded/sources/coderschool/allbymyself/spec/models/event_spec.rb": [
        1,
        null,
        1,
        null,
        1,
        1,
        2,
        2,
        2,
        2,
        2,
        2,
        null,
        null,
        1,
        1,
        1,
        null,
        null,
        1,
        1,
        1,
        null,
        1,
        1,
        null,
        null,
        null,
        1,
        1,
        2,
        2,
        2,
        2,
        2,
        2,
        null,
        2,
        null,
        2,
        2,
        null,
        2,
        null,
        null,
        1,
        1,
        1,
        null,
        null,
        1,
        1,
        1,
        null,
        null,
        null,
        1,
        1,
        2,
        2,
        2,
        2,
        2,
        2,
        null,
        2,
        2,
        null,
        2,
        2,
        null,
        2,
        2,
        null,
        null,
        1,
        1,
        null,
        null,
        1,
        1,
        1,
        null,
        null,
        null,
        null
      ],
      "/Volumes/loaded/sources/coderschool/allbymyself/app/models/event.rb": [
        1,
        1,
        1,
        1,
        1,
        null,
        1,
        null,
        1,
        4,
        4,
        3,
        null,
        1,
        null,
        null,
        null,
        1,
        7,
        7,
        null,
        null,
        1,
        3,
        null,
        null
      ],
      "/Volumes/loaded/sources/coderschool/allbymyself/spec/models/ticket_spec.rb": [
        1,
        null,
        1,
        1,
        1,
        2,
        2,
        2,
        2,
        null,
        2,
        null,
        2,
        null,
        null,
        1,
        1,
        1,
        null,
        1,
        1,
        null,
        null,
        1,
        1,
        1,
        null,
        null,
        null
      ],
      "/Volumes/loaded/sources/coderschool/allbymyself/app/models/ticket.rb": [
        1,
        1,
        1,
        1,
        null,
        1,
        null
      ],
      "/Volumes/loaded/sources/coderschool/allbymyself/spec/models/user_spec.rb": [
        1,
        null,
        1,
        null,
        null
      ],
      "/Volumes/loaded/sources/coderschool/allbymyself/app/models/user.rb": [
        1,
        1,
        1,
        1,
        null,
        1,
        1,
        null,
        1,
        0,
        null,
        null
      ],
      "/Volumes/loaded/sources/coderschool/allbymyself/spec/route_spec.rb": [
        1,
        null,
        1,
        1,
        1,
        null,
        null,
        null,
        null,
        null,
        null,
        1,
        1,
        null,
        null,
        null,
        null,
        null,
        null
      ],
      "/Volumes/loaded/sources/coderschool/allbymyself/spec/views/events/index.html.erb_spec.rb": [
        1,
        null,
        1,
        1,
        1,
        1,
        1,
        1,
        1,
        1,
        null,
        1,
        null,
        1,
        null,
        1,
        null,
        null
      ],
      "/Volumes/loaded/sources/coderschool/allbymyself/spec/views/events/show.html.erb_spec.rb": [
        1,
        null,
        1,
        1,
        1,
        1,
        1,
        1,
        1,
        null,
        1,
        null,
        1,
        null,
        1,
        null,
        null,
        1,
        1,
        1,
        1,
        1,
        1,
        null,
        1,
        1,
        null,
        1,
        1,
        null,
        1,
        null,
        1,
        null,
        1,
        null,
        null
      ],
      "/Volumes/loaded/sources/coderschool/allbymyself/app/models/region.rb": [
        1,
        1,
        1,
        null
      ],
      "/Volumes/loaded/sources/coderschool/allbymyself/app/models/category.rb": [
        1,
        1,
        1,
        null
      ],
      "/Volumes/loaded/sources/coderschool/allbymyself/app/models/venue.rb": [
        1,
        1,
        1,
        null,
        1,
        1,
        null
      ],
      "/Volumes/loaded/sources/coderschool/allbymyself/app/models/ticket_type.rb": [
        1,
        1,
        null,
        1,
        null,
        1,
        0,
        0,
        null,
        null
      ],
      "/Volumes/loaded/sources/coderschool/allbymyself/app/controllers/tickettypes_controller.rb": [
        1,
        1,
        null,
        1,
        0,
        0,
        null,
        null,
        1,
        0,
        0,
        null,
        0,
        0,
        0,
        null,
        0,
        null,
        null,
        null,
        1,
        0,
        0,
        null,
        null,
        1,
        1,
        0,
        null,
        null
      ]
    },
    "timestamp": 1450953704
  }
}
